<?xml version="1.0" encoding="UTF-8"?>
<!-- Generated by org.testng.reporters.JUnitReportReporter -->
<testsuite skipped="0" hostname="LAPTOP-UR8NLOHL" name="LogintestCase" tests="1" failures="0" timestamp="2020-02-22T09:55:00 IST" time="0.010" errors="0">
  <testcase name="verify" time="0.010" classname="LogintestCase"/>
</testsuite> <!-- LogintestCase -->
