<?xml version="1.0" encoding="UTF-8"?>
<!-- Generated by org.testng.reporters.JUnitReportReporter -->
<testsuite skipped="0" hostname="LAPTOP-UR8NLOHL" name="testng.NewTest" tests="1" failures="0" timestamp="2020-02-22T10:08:57 IST" time="0.018" errors="0">
  <testcase name="f" time="0.018" classname="testng.NewTest"/>
</testsuite> <!-- testng.NewTest -->
