<?xml version="1.0" encoding="UTF-8"?>
<!-- Generated by org.testng.reporters.JUnitReportReporter -->
<testsuite hostname="LAPTOP-UR8NLOHL" name="NewTest" tests="1" failures="0" timestamp="22 Feb 2020 04:02:50 GMT" time="0.015" errors="0">
  <testcase name="f" time="0.015" classname="NewTest"/>
</testsuite> <!-- NewTest -->
