<?xml version="1.0" encoding="UTF-8"?>
<!-- Generated by org.testng.reporters.JUnitReportReporter -->
<testsuite hostname="LAPTOP-UR8NLOHL" name="testng.NewTest" tests="1" failures="0" timestamp="23 Feb 2020 03:29:11 GMT" time="0.004" errors="0">
  <testcase name="f" time="0.004" classname="testng.NewTest"/>
</testsuite> <!-- testng.NewTest -->
